Started by user Yuxi Ren
Running as SYSTEM
Building in workspace /Users/Rita/.jenkins/workspace/demo
The recommended git tool is: NONE
using credential e8a01a67-32a3-4e85-980a-7b72772c1c3b
 > git rev-parse --is-inside-work-tree # timeout=10
Fetching changes from the remote Git repository
 > git config remote.origin.url git@github.com:yuxiRen/eCommerce.git # timeout=10
Fetching upstream changes from git@github.com:yuxiRen/eCommerce.git
 > git --version # timeout=10
 > git --version # 'git version 2.24.3 (Apple Git-128)'
using GIT_SSH to set credentials 
 > git fetch --tags --force --progress -- git@github.com:yuxiRen/eCommerce.git +refs/heads/*:refs/remotes/origin/* # timeout=10
 > git rev-parse refs/remotes/origin/master^{commit} # timeout=10
Checking out Revision f7dea97c5ac4b7f300419ece764f73bea4fb5532 (refs/remotes/origin/master)
 > git config core.sparsecheckout # timeout=10
 > git checkout -f f7dea97c5ac4b7f300419ece764f73bea4fb5532 # timeout=10
Commit message: "jenkins"
 > git rev-list --no-walk 06ed9b83bcae34ea522f3a7e6f911f7b6044b54a # timeout=10
[demo] $ /Users/Rita/.jenkins/tools/hudson.tasks.Maven_MavenInstallation/MAVEN_HOME/bin/mvn -f /Users/Rita/.jenkins/workspace/demo/pom.xml package
[INFO] Scanning for projects...
[WARNING] 
[WARNING] Some problems were encountered while building the effective model for com.example:auth-course:jar:0.0.1-SNAPSHOT
[WARNING] 'dependencies.dependency.version' for org.junit.jupiter:junit-jupiter:jar is either LATEST or RELEASE (both of them are being deprecated) @ line 84, column 13
[WARNING] 
[WARNING] It is highly recommended to fix these problems because they threaten the stability of your build.
[WARNING] 
[WARNING] For this reason, future Maven versions might no longer support building such malformed projects.
[WARNING] 
[INFO] 
[INFO] ----------------------< com.example:auth-course >-----------------------
[INFO] Building auth-course 0.0.1-SNAPSHOT
[INFO] --------------------------------[ jar ]---------------------------------
[INFO] 
[INFO] --- maven-resources-plugin:3.1.0:resources (default-resources) @ auth-course ---
[INFO] Using 'UTF-8' encoding to copy filtered resources.
[INFO] Copying 1 resource
[INFO] Copying 1 resource
[INFO] 
[INFO] --- maven-compiler-plugin:3.8.1:compile (default-compile) @ auth-course ---
[INFO] Nothing to compile - all classes are up to date
[INFO] 
[INFO] --- maven-resources-plugin:3.1.0:testResources (default-testResources) @ auth-course ---
[INFO] Using 'UTF-8' encoding to copy filtered resources.
[INFO] skip non existing resourceDirectory /Users/Rita/.jenkins/workspace/demo/src/test/resources
[INFO] 
[INFO] --- maven-compiler-plugin:3.8.1:testCompile (default-testCompile) @ auth-course ---
[INFO] Changes detected - recompiling the module!
[INFO] Compiling 6 source files to /Users/Rita/.jenkins/workspace/demo/target/test-classes
[INFO] /Users/Rita/.jenkins/workspace/demo/src/test/java/com/example/demo/TestUtils.java: /Users/Rita/.jenkins/workspace/demo/src/test/java/com/example/demo/TestUtils.java uses or overrides a deprecated API.
[INFO] /Users/Rita/.jenkins/workspace/demo/src/test/java/com/example/demo/TestUtils.java: Recompile with -Xlint:deprecation for details.
[INFO] 
[INFO] --- maven-surefire-plugin:2.22.2:test (default-test) @ auth-course ---
Downloading from central: https://repo.maven.apache.org/maven2/org/apache/maven/surefire/surefire-junit-platform/2.22.2/surefire-junit-platform-2.22.2.pom
Progress (1): 2.7/7.0 kBProgress (1): 5.5/7.0 kBProgress (1): 7.0 kB                        Downloaded from central: https://repo.maven.apache.org/maven2/org/apache/maven/surefire/surefire-junit-platform/2.22.2/surefire-junit-platform-2.22.2.pom (7.0 kB at 21 kB/s)
Downloading from central: https://repo.maven.apache.org/maven2/org/apache/maven/surefire/surefire-providers/2.22.2/surefire-providers-2.22.2.pom
Progress (1): 2.5 kB                    Downloaded from central: https://repo.maven.apache.org/maven2/org/apache/maven/surefire/surefire-providers/2.22.2/surefire-providers-2.22.2.pom (2.5 kB at 65 kB/s)
Downloading from central: https://repo.maven.apache.org/maven2/org/junit/platform/junit-platform-launcher/1.3.1/junit-platform-launcher-1.3.1.pom
Progress (1): 2.2 kB                    Downloaded from central: https://repo.maven.apache.org/maven2/org/junit/platform/junit-platform-launcher/1.3.1/junit-platform-launcher-1.3.1.pom (2.2 kB at 62 kB/s)
Downloading from central: https://repo.maven.apache.org/maven2/org/junit/platform/junit-platform-engine/1.3.1/junit-platform-engine-1.3.1.pom
Progress (1): 2.4 kB                    Downloaded from central: https://repo.maven.apache.org/maven2/org/junit/platform/junit-platform-engine/1.3.1/junit-platform-engine-1.3.1.pom (2.4 kB at 75 kB/s)
Downloading from central: https://repo.maven.apache.org/maven2/org/junit/platform/junit-platform-commons/1.3.1/junit-platform-commons-1.3.1.pom
Progress (1): 2.0 kB                    Downloaded from central: https://repo.maven.apache.org/maven2/org/junit/platform/junit-platform-commons/1.3.1/junit-platform-commons-1.3.1.pom (2.0 kB at 56 kB/s)
Downloading from central: https://repo.maven.apache.org/maven2/org/junit/platform/junit-platform-launcher/1.3.1/junit-platform-launcher-1.3.1.jar
Downloading from central: https://repo.maven.apache.org/maven2/org/junit/platform/junit-platform-engine/1.3.1/junit-platform-engine-1.3.1.jar
Downloading from central: https://repo.maven.apache.org/maven2/org/apache/maven/surefire/surefire-junit-platform/2.22.2/surefire-junit-platform-2.22.2.jar
Downloading from central: https://repo.maven.apache.org/maven2/org/junit/platform/junit-platform-commons/1.3.1/junit-platform-commons-1.3.1.jar
Progress (1): 2.7/95 kBProgress (1): 5.5/95 kBProgress (1): 8.2/95 kBProgress (1): 11/95 kB Progress (1): 14/95 kBProgress (1): 16/95 kBProgress (1): 19/95 kBProgress (1): 22/95 kBProgress (1): 25/95 kBProgress (1): 27/95 kBProgress (1): 30/95 kBProgress (1): 33/95 kBProgress (1): 36/95 kBProgress (1): 38/95 kBProgress (1): 41/95 kBProgress (1): 44/95 kBProgress (1): 47/95 kBProgress (1): 49/95 kBProgress (1): 52/95 kBProgress (1): 55/95 kBProgress (1): 58/95 kBProgress (1): 60/95 kBProgress (1): 63/95 kBProgress (1): 66/95 kBProgress (1): 69/95 kBProgress (1): 71/95 kBProgress (1): 74/95 kBProgress (1): 77/95 kBProgress (1): 80/95 kBProgress (1): 82/95 kBProgress (1): 85/95 kBProgress (1): 88/95 kBProgress (1): 90/95 kBProgress (1): 93/95 kBProgress (1): 95 kB                      Downloaded from central: https://repo.maven.apache.org/maven2/org/junit/platform/junit-platform-launcher/1.3.1/junit-platform-launcher-1.3.1.jar (95 kB at 1.6 MB/s)
Progress (1): 2.7/135 kBProgress (1): 5.5/135 kBProgress (1): 8.2/135 kBProgress (1): 11/135 kB Progress (1): 14/135 kBProgress (1): 16/135 kBProgress (1): 19/135 kBProgress (1): 22/135 kBProgress (1): 25/135 kBProgress (1): 27/135 kBProgress (1): 30/135 kBProgress (1): 33/135 kBProgress (1): 36/135 kBProgress (1): 38/135 kBProgress (2): 38/135 kB | 2.7/78 kBProgress (2): 41/135 kB | 2.7/78 kBProgress (3): 41/135 kB | 2.7/78 kB | 2.7/66 kBProgress (3): 44/135 kB | 2.7/78 kB | 2.7/66 kBProgress (3): 44/135 kB | 2.7/78 kB | 5.5/66 kBProgress (3): 44/135 kB | 5.5/78 kB | 5.5/66 kBProgress (3): 47/135 kB | 5.5/78 kB | 5.5/66 kBProgress (3): 47/135 kB | 5.5/78 kB | 8.2/66 kBProgress (3): 49/135 kB | 5.5/78 kB | 8.2/66 kBProgress (3): 49/135 kB | 8.2/78 kB | 8.2/66 kBProgress (3): 49/135 kB | 8.2/78 kB | 11/66 kB Progress (3): 49/135 kB | 11/78 kB | 11/66 kB Progress (3): 52/135 kB | 11/78 kB | 11/66 kBProgress (3): 52/135 kB | 11/78 kB | 14/66 kBProgress (3): 52/135 kB | 14/78 kB | 14/66 kBProgress (3): 52/135 kB | 14/78 kB | 16/66 kBProgress (3): 55/135 kB | 14/78 kB | 16/66 kBProgress (3): 55/135 kB | 14/78 kB | 19/66 kBProgress (3): 55/135 kB | 16/78 kB | 19/66 kBProgress (3): 58/135 kB | 16/78 kB | 19/66 kBProgress (3): 58/135 kB | 16/78 kB | 22/66 kBProgress (3): 60/135 kB | 16/78 kB | 22/66 kBProgress (3): 60/135 kB | 19/78 kB | 22/66 kBProgress (3): 63/135 kB | 19/78 kB | 22/66 kBProgress (3): 63/135 kB | 19/78 kB | 25/66 kBProgress (3): 63/135 kB | 22/78 kB | 25/66 kBProgress (3): 66/135 kB | 22/78 kB | 25/66 kBProgress (3): 66/135 kB | 25/78 kB | 25/66 kBProgress (3): 66/135 kB | 25/78 kB | 27/66 kBProgress (3): 69/135 kB | 25/78 kB | 27/66 kBProgress (3): 69/135 kB | 27/78 kB | 27/66 kBProgress (3): 69/135 kB | 27/78 kB | 30/66 kBProgress (3): 71/135 kB | 27/78 kB | 30/66 kBProgress (3): 71/135 kB | 27/78 kB | 33/66 kBProgress (3): 71/135 kB | 30/78 kB | 33/66 kBProgress (3): 74/135 kB | 30/78 kB | 33/66 kBProgress (3): 74/135 kB | 30/78 kB | 36/66 kBProgress (3): 77/135 kB | 30/78 kB | 36/66 kBProgress (3): 77/135 kB | 33/78 kB | 36/66 kBProgress (3): 80/135 kB | 33/78 kB | 36/66 kBProgress (3): 80/135 kB | 33/78 kB | 38/66 kBProgress (3): 80/135 kB | 36/78 kB | 38/66 kBProgress (3): 82/135 kB | 36/78 kB | 38/66 kBProgress (3): 82/135 kB | 38/78 kB | 38/66 kBProgress (3): 85/135 kB | 38/78 kB | 38/66 kBProgress (3): 85/135 kB | 41/78 kB | 38/66 kBProgress (3): 88/135 kB | 41/78 kB | 38/66 kBProgress (3): 90/135 kB | 41/78 kB | 38/66 kBProgress (3): 90/135 kB | 44/78 kB | 38/66 kBProgress (3): 93/135 kB | 44/78 kB | 38/66 kBProgress (3): 93/135 kB | 47/78 kB | 38/66 kBProgress (3): 96/135 kB | 47/78 kB | 38/66 kBProgress (3): 96/135 kB | 49/78 kB | 38/66 kBProgress (3): 99/135 kB | 49/78 kB | 38/66 kBProgress (3): 101/135 kB | 49/78 kB | 38/66 kBProgress (3): 104/135 kB | 49/78 kB | 38/66 kBProgress (3): 107/135 kB | 49/78 kB | 38/66 kBProgress (3): 110/135 kB | 49/78 kB | 38/66 kBProgress (3): 112/135 kB | 49/78 kB | 38/66 kBProgress (3): 115/135 kB | 49/78 kB | 38/66 kBProgress (3): 118/135 kB | 49/78 kB | 38/66 kBProgress (3): 121/135 kB | 49/78 kB | 38/66 kBProgress (3): 121/135 kB | 49/78 kB | 41/66 kBProgress (3): 121/135 kB | 52/78 kB | 41/66 kBProgress (3): 121/135 kB | 52/78 kB | 44/66 kBProgress (3): 121/135 kB | 55/78 kB | 44/66 kBProgress (3): 121/135 kB | 55/78 kB | 47/66 kBProgress (3): 121/135 kB | 58/78 kB | 47/66 kBProgress (3): 121/135 kB | 58/78 kB | 49/66 kBProgress (3): 123/135 kB | 58/78 kB | 49/66 kBProgress (3): 123/135 kB | 58/78 kB | 52/66 kBProgress (3): 123/135 kB | 60/78 kB | 52/66 kBProgress (3): 123/135 kB | 60/78 kB | 55/66 kBProgress (3): 126/135 kB | 60/78 kB | 55/66 kBProgress (3): 126/135 kB | 63/78 kB | 55/66 kBProgress (3): 126/135 kB | 63/78 kB | 58/66 kBProgress (3): 129/135 kB | 63/78 kB | 58/66 kBProgress (3): 129/135 kB | 66/78 kB | 58/66 kBProgress (3): 132/135 kB | 66/78 kB | 58/66 kBProgress (3): 132/135 kB | 66/78 kB | 60/66 kBProgress (3): 132/135 kB | 69/78 kB | 60/66 kBProgress (3): 134/135 kB | 69/78 kB | 60/66 kBProgress (3): 134/135 kB | 69/78 kB | 63/66 kBProgress (3): 135 kB | 69/78 kB | 63/66 kB    Progress (3): 135 kB | 71/78 kB | 63/66 kBProgress (3): 135 kB | 71/78 kB | 66/66 kBProgress (3): 135 kB | 74/78 kB | 66/66 kBProgress (3): 135 kB | 74/78 kB | 66 kB   Progress (3): 135 kB | 77/78 kB | 66 kBProgress (3): 135 kB | 78 kB | 66 kB                                       Downloaded from central: https://repo.maven.apache.org/maven2/org/junit/platform/junit-platform-engine/1.3.1/junit-platform-engine-1.3.1.jar (135 kB at 1.1 MB/s)
Downloaded from central: https://repo.maven.apache.org/maven2/org/apache/maven/surefire/surefire-junit-platform/2.22.2/surefire-junit-platform-2.22.2.jar (66 kB at 503 kB/s)
Downloaded from central: https://repo.maven.apache.org/maven2/org/junit/platform/junit-platform-commons/1.3.1/junit-platform-commons-1.3.1.jar (78 kB at 590 kB/s)
[INFO] 
[INFO] -------------------------------------------------------
[INFO]  T E S T S
[INFO] -------------------------------------------------------
[INFO] Running com.example.demo.controllers.UserControllerTest
SLF4J: Failed to load class "org.slf4j.impl.StaticLoggerBinder".
SLF4J: Defaulting to no-operation (NOP) logger implementation
SLF4J: See http://www.slf4j.org/codes.html#StaticLoggerBinder for further details.
[INFO] Tests run: 3, Failures: 0, Errors: 0, Skipped: 0, Time elapsed: 0.684 s - in com.example.demo.controllers.UserControllerTest
[INFO] Running com.example.demo.controllers.ItemControllerTest
Banana
[INFO] Tests run: 3, Failures: 0, Errors: 0, Skipped: 0, Time elapsed: 0.016 s - in com.example.demo.controllers.ItemControllerTest
[INFO] Running com.example.demo.controllers.OrderControllerTest
[INFO] Tests run: 2, Failures: 0, Errors: 0, Skipped: 0, Time elapsed: 0.023 s - in com.example.demo.controllers.OrderControllerTest
[INFO] 
[INFO] Results:
[INFO] 
[INFO] Tests run: 8, Failures: 0, Errors: 0, Skipped: 0
[INFO] 
[INFO] 
[INFO] --- maven-jar-plugin:3.1.1:jar (default-jar) @ auth-course ---
[INFO] Building jar: /Users/Rita/.jenkins/workspace/demo/target/auth-course-0.0.1-SNAPSHOT.jar
[INFO] 
[INFO] --- spring-boot-maven-plugin:2.1.5.RELEASE:repackage (repackage) @ auth-course ---
[INFO] Replacing main artifact with repackaged archive
[INFO] ------------------------------------------------------------------------
[INFO] BUILD SUCCESS
[INFO] ------------------------------------------------------------------------
[INFO] Total time:  7.554 s
[INFO] Finished at: 2020-12-16T00:33:26-08:00
[INFO] ------------------------------------------------------------------------
Finished: SUCCESS
